#
# A fatal error has been detected by the Java Runtime Environment:
#
#  SIGBUS (0x7) at pc=0x00007fed4aa01e1d, pid=8967, tid=0x00007fed4d45c700
#
# JRE version: OpenJDK Runtime Environment (8.0_121-b13) (build 1.8.0_121-b13)
# Java VM: OpenJDK 64-Bit Server VM (25.121-b13 mixed mode linux-amd64 compressed oops)
# Problematic frame:
# C  [libzip.so+0x4e1d]
#
# Core dump written. Default location: /home/arpit/Dropbox/gvc/image.recognize-desktop/core or core.8967
#
# If you would like to submit a bug report, please visit:
#   http://bugreport.java.com/bugreport/crash.jsp
# The crash happened outside the Java Virtual Machine in native code.
# See problematic frame for where to report the bug.
#

---------------  T H R E A D  ---------------

Current thread (0x00007fed44008000):  JavaThread "main" [_thread_in_native, id=8969, stack(0x00007fed4d35c000,0x00007fed4d45d000)]

siginfo: si_signo: 7 (SIGBUS), si_code: 2 (BUS_ADRERR), si_addr: 0x00007fed480852fd

Registers:
RAX=0x00007fed4410e260, RBX=0x00007fed440da950, RCX=0x00007fed480852df, RDX=0x00007fed4410e260
RSP=0x00007fed4d459640, RBP=0x00007fed4d4596b0, RSI=0x0000000000000000, RDI=0x0000000000000003
R8 =0x00000000cc87f738, R9 =0x0000000000000050, R10=0x00007fed35017748, R11=0x00007fed4c09a880
R12=0x00007fed440dc958, R13=0x00007fed480852df, R14=0x00007fed440da950, R15=0x00007fed4410e260
RIP=0x00007fed4aa01e1d, EFLAGS=0x0000000000010202, CSGSFS=0x002b000000000033, ERR=0x0000000000000004
  TRAPNO=0x000000000000000e

Top of Stack: (sp=0x00007fed4d459640)
0x00007fed4d459640:   00007fed491a70c0 00007fed00000000
0x00007fed4d459650:   00000000490cfb30 0000001c491aa8c0
0x00007fed4d459660:   0000001c0000001c 000000680000001c
0x00007fed4d459670:   0000006800000000 00007fed4bfb9880
0x00007fed4d459680:   0000000000000020 00007fed440dc950
0x00007fed4d459690:   00000000cc87f738 00007fed4d45973f
0x00007fed4d4596a0:   00007fed440da950 00007fed440f1240
0x00007fed4d4596b0:   00007fed4d459700 00007fed4aa02b04
0x00007fed4d4596c0:   00007fed4d459720 0000002001008000
0x00007fed4d4596d0:   00007fed4d4596f0 0000000000000020
0x00007fed4d4596e0:   00007fed440081e0 00007fed491dd6f8
0x00007fed4d4596f0:   00007fed4d459c00 00007fed440da950
0x00007fed4d459700:   00007fed4d459b60 00007fed4aa00b1c
0x00007fed4d459710:   00007fed4d459720 00000001491aa5d8
0x00007fed4d459720:   646972622f67726f 532f6c6974752f6a
0x00007fed4d459730:   697455676e697274 7373616c632e736c
0x00007fed4d459740:   00000000491aa800 0000000149274448
0x00007fed4d459750:   00007fed491aa658 00007fed491aa8a0
0x00007fed4d459760:   00007fed491aa658 00007fed491aa658
0x00007fed4d459770:   00007fed491aa618 00007fed491e25b8
0x00007fed4d459780:   00000000491a70c0 000000001df1a0b7
0x00007fed4d459790:   00007fed491e2178 00007fed49159770
0x00007fed4d4597a0:   00007fed4d4597d0 e76d931d491d51c0
0x00007fed4d4597b0:   00007fed4d4597f0 00007fed49274488
0x00007fed4d4597c0:   00000000000000ff 00007fed491aa5d8
0x00007fed4d4597d0:   00007fed4d459998 00007fed491d5bb8
0x00007fed4d4597e0:   00007fed491e2598 00007fed4c6f9470
0x00007fed4d4597f0:   00000000491ab300 00007fed491d51a0
0x00007fed4d459800:   00007fed44003080 00007fed44003080
0x00007fed4d459810:   00007fed44003080 00007fed440030c8
0x00007fed4d459820:   00007fed4400317f 00007fed44003080
0x00007fed4d459830:   00007fed4400317f 00007fed4c6fe43e 

Instructions: (pc=0x00007fed4aa01e1d)
0x00007fed4aa01dfd:   73 48 48 8b 7b 10 b9 a0 00 00 00 49 8b 14 24 e8
0x00007fed4aa01e0d:   af fe ff ff 49 89 c5 4d 85 ed 0f 84 23 03 00 00
0x00007fed4aa01e1d:   41 0f b7 45 1e 45 0f b7 75 1c 48 c7 45 c8 00 00
0x00007fed4aa01e2d:   00 00 66 89 45 c6 41 0f b7 45 20 4d 89 f4 66 89 

Register to memory mapping:

RAX=0x00007fed4410e260 is an unknown value
RBX=0x00007fed440da950 is an unknown value
RCX=0x00007fed480852df is an unknown value
RDX=0x00007fed4410e260 is an unknown value
RSP=0x00007fed4d459640 is pointing into the stack for thread: 0x00007fed44008000
RBP=0x00007fed4d4596b0 is pointing into the stack for thread: 0x00007fed44008000
RSI=0x0000000000000000 is an unknown value
RDI=0x0000000000000003 is an unknown value
R8 =0x00000000cc87f738 is an unallocated location in the heap
R9 =0x0000000000000050 is an unknown value
R10=0x00007fed35017748 is at code_begin+808 in an Interpreter codelet
method entry point (kind = native)  [0x00007fed35017420, 0x00007fed35017d20]  2304 bytes
R11=0x00007fed4c09a880: <offset 0x929880> in /usr/lib/jvm/java-8-openjdk/jre/lib/amd64/server/libjvm.so at 0x00007fed4b771000
R12=0x00007fed440dc958 is an unknown value
R13=0x00007fed480852df is an unknown value
R14=0x00007fed440da950 is an unknown value
R15=0x00007fed4410e260 is an unknown value


Stack: [0x00007fed4d35c000,0x00007fed4d45d000],  sp=0x00007fed4d459640,  free space=1013k
Native frames: (J=compiled Java code, j=interpreted, Vv=VM code, C=native code)
C  [libzip.so+0x4e1d]
C  [libzip.so+0x5b04]
C  [libzip.so+0x3b1c]  Java_java_util_zip_ZipFile_getEntry+0xec
j  java.util.zip.ZipFile.getEntry(J[BZ)J+0
j  java.util.zip.ZipFile.getEntry(Ljava/lang/String;)Ljava/util/zip/ZipEntry;+38
j  java.util.jar.JarFile.getEntry(Ljava/lang/String;)Ljava/util/zip/ZipEntry;+2
j  java.util.jar.JarFile.getJarEntry(Ljava/lang/String;)Ljava/util/jar/JarEntry;+2
j  sun.misc.URLClassPath$JarLoader.getResource(Ljava/lang/String;Z)Lsun/misc/Resource;+42
j  sun.misc.URLClassPath.getResource(Ljava/lang/String;Z)Lsun/misc/Resource;+62
j  java.net.URLClassLoader$1.run()Ljava/lang/Class;+26
j  java.net.URLClassLoader$1.run()Ljava/lang/Object;+1
v  ~StubRoutines::call_stub
V  [libjvm.so+0x6453a3]
V  [libjvm.so+0x68c614]  JVM_DoPrivileged+0x444
j  java.security.AccessController.doPrivileged(Ljava/security/PrivilegedExceptionAction;Ljava/security/AccessControlContext;)Ljava/lang/Object;+0
j  java.net.URLClassLoader.findClass(Ljava/lang/String;)Ljava/lang/Class;+13
j  java.lang.ClassLoader.loadClass(Ljava/lang/String;Z)Ljava/lang/Class;+70
j  sun.misc.Launcher$AppClassLoader.loadClass(Ljava/lang/String;Z)Ljava/lang/Class;+81
j  java.lang.ClassLoader.loadClass(Ljava/lang/String;)Ljava/lang/Class;+3
v  ~StubRoutines::call_stub
V  [libjvm.so+0x6453a3]
V  [libjvm.so+0x642af7]
V  [libjvm.so+0x643123]
V  [libjvm.so+0x9a7e95]
V  [libjvm.so+0x9a688a]
V  [libjvm.so+0x9a88bb]
V  [libjvm.so+0x4a2ff5]
V  [libjvm.so+0x4a550e]
V  [libjvm.so+0x7611c6]
V  [libjvm.so+0x7641ad]
V  [libjvm.so+0x63cb8e]
j  org.bridj.Platform$DeleteFiles.main([Ljava/lang/String;)V+95
v  ~StubRoutines::call_stub
V  [libjvm.so+0x6453a3]
V  [libjvm.so+0x6617b8]
V  [libjvm.so+0x664e27]
C  [libjli.so+0x331a]
C  [libpthread.so.0+0x72e7]  start_thread+0xd7

Java frames: (J=compiled Java code, j=interpreted, Vv=VM code)
j  java.util.zip.ZipFile.getEntry(J[BZ)J+0
j  java.util.zip.ZipFile.getEntry(Ljava/lang/String;)Ljava/util/zip/ZipEntry;+38
j  java.util.jar.JarFile.getEntry(Ljava/lang/String;)Ljava/util/zip/ZipEntry;+2
j  java.util.jar.JarFile.getJarEntry(Ljava/lang/String;)Ljava/util/jar/JarEntry;+2
j  sun.misc.URLClassPath$JarLoader.getResource(Ljava/lang/String;Z)Lsun/misc/Resource;+42
j  sun.misc.URLClassPath.getResource(Ljava/lang/String;Z)Lsun/misc/Resource;+62
j  java.net.URLClassLoader$1.run()Ljava/lang/Class;+26
j  java.net.URLClassLoader$1.run()Ljava/lang/Object;+1
v  ~StubRoutines::call_stub
j  java.security.AccessController.doPrivileged(Ljava/security/PrivilegedExceptionAction;Ljava/security/AccessControlContext;)Ljava/lang/Object;+0
j  java.net.URLClassLoader.findClass(Ljava/lang/String;)Ljava/lang/Class;+13
j  java.lang.ClassLoader.loadClass(Ljava/lang/String;Z)Ljava/lang/Class;+70
j  sun.misc.Launcher$AppClassLoader.loadClass(Ljava/lang/String;Z)Ljava/lang/Class;+81
j  java.lang.ClassLoader.loadClass(Ljava/lang/String;)Ljava/lang/Class;+3
v  ~StubRoutines::call_stub
j  org.bridj.Platform$DeleteFiles.main([Ljava/lang/String;)V+95
v  ~StubRoutines::call_stub

---------------  P R O C E S S  ---------------

Java Threads: ( => current thread )
  0x00007fed440be800 JavaThread "Service Thread" daemon [_thread_blocked, id=8981, stack(0x00007fed3435c000,0x00007fed3445d000)]
  0x00007fed440bb800 JavaThread "C1 CompilerThread2" daemon [_thread_blocked, id=8980, stack(0x00007fed3445d000,0x00007fed3455e000)]
  0x00007fed440ba000 JavaThread "C2 CompilerThread1" daemon [_thread_blocked, id=8979, stack(0x00007fed3455e000,0x00007fed3465f000)]
  0x00007fed440b7000 JavaThread "C2 CompilerThread0" daemon [_thread_blocked, id=8978, stack(0x00007fed3465f000,0x00007fed34760000)]
  0x00007fed440b5800 JavaThread "Signal Dispatcher" daemon [_thread_blocked, id=8977, stack(0x00007fed34760000,0x00007fed34861000)]
  0x00007fed44082000 JavaThread "Finalizer" daemon [_thread_blocked, id=8976, stack(0x00007fed349fa000,0x00007fed34afb000)]
  0x00007fed4407d800 JavaThread "Reference Handler" daemon [_thread_blocked, id=8975, stack(0x00007fed34afb000,0x00007fed34bfc000)]
=>0x00007fed44008000 JavaThread "main" [_thread_in_native, id=8969, stack(0x00007fed4d35c000,0x00007fed4d45d000)]

Other Threads:
  0x00007fed44075800 VMThread [stack: 0x00007fed34bfc000,0x00007fed34cfd000] [id=8974]
  0x00007fed440c1000 WatcherThread [stack: 0x00007fed3425b000,0x00007fed3435c000] [id=8982]

VM state:not at safepoint (normal execution)

VM Mutex/Monitor currently owned by a thread: None

Heap:
 PSYoungGen      total 36864K, used 1269K [0x00000000d6d00000, 0x00000000d9600000, 0x0000000100000000)
  eden space 31744K, 4% used [0x00000000d6d00000,0x00000000d6e3d728,0x00000000d8c00000)
  from space 5120K, 0% used [0x00000000d9100000,0x00000000d9100000,0x00000000d9600000)
  to   space 5120K, 0% used [0x00000000d8c00000,0x00000000d8c00000,0x00000000d9100000)
 ParOldGen       total 84992K, used 0K [0x0000000084600000, 0x0000000089900000, 0x00000000d6d00000)
  object space 84992K, 0% used [0x0000000084600000,0x0000000084600000,0x0000000089900000)
 Metaspace       used 2915K, capacity 4486K, committed 4864K, reserved 1056768K
  class space    used 311K, capacity 386K, committed 512K, reserved 1048576K

Card table byte_map: [0x00007fed4a25f000,0x00007fed4a63d000] byte_map_base: 0x00007fed49e3c000

Marking Bits: (ParMarkBitMap*) 0x00007fed4c66b260
 Begin Bits: [0x00007fed24230000, 0x00007fed26118000)
 End Bits:   [0x00007fed26118000, 0x00007fed28000000)

Polling page: 0x00007fed4d492000

CodeCache: size=245760Kb used=1115Kb max_used=1115Kb free=244645Kb
 bounds [0x00007fed35000000, 0x00007fed35270000, 0x00007fed44000000]
 total_blobs=268 nmethods=37 adapters=147
 compilation: enabled

Compilation events (10 events):
Event: 6.432 Thread 0x00007fed440bb800   33       1       java.util.LinkedList::size (5 bytes)
Event: 6.432 Thread 0x00007fed440bb800 nmethod 33 0x00007fed35115210 code [0x00007fed35115360, 0x00007fed35115470]
Event: 6.582 Thread 0x00007fed440bb800   34       3       java.lang.StringCoding::deref (19 bytes)
Event: 6.583 Thread 0x00007fed440bb800 nmethod 34 0x00007fed351154d0 code [0x00007fed35115660, 0x00007fed35115aa8]
Event: 6.583 Thread 0x00007fed440bb800   35       3       java.lang.ThreadLocal::get (38 bytes)
Event: 6.583 Thread 0x00007fed440bb800 nmethod 35 0x00007fed35115bd0 code [0x00007fed35115d60, 0x00007fed35116098]
Event: 9.638 Thread 0x00007fed440bb800   36       3       java.util.HashMap::clear (50 bytes)
Event: 9.639 Thread 0x00007fed440bb800 nmethod 36 0x00007fed35116290 code [0x00007fed35116420, 0x00007fed351167f0]
Event: 9.889 Thread 0x00007fed440bb800   37       3       java.util.Arrays::copyOf (19 bytes)
Event: 9.889 Thread 0x00007fed440bb800 nmethod 37 0x00007fed35116910 code [0x00007fed35116aa0, 0x00007fed35116dc8]

GC Heap History (0 events):
No events

Deoptimization events (0 events):
No events

Internal exceptions (2 events):
Event: 0.017 Thread 0x00007fed44008000 Exception <a 'java/lang/NoSuchMethodError': Method sun.misc.Unsafe.defineClass(Ljava/lang/String;[BII)Ljava/lang/Class; name or signature does not match> (0x00000000d6d07ca8) thrown at [/build/java8-openjdk/src/jdk8u-jdk8u121-b13/hotspot/src/share/vm/prim
Event: 0.017 Thread 0x00007fed44008000 Exception <a 'java/lang/NoSuchMethodError': Method sun.misc.Unsafe.prefetchRead(Ljava/lang/Object;J)V name or signature does not match> (0x00000000d6d07f90) thrown at [/build/java8-openjdk/src/jdk8u-jdk8u121-b13/hotspot/src/share/vm/prims/jni.cpp, line 40

Events (10 events):
Event: 0.058 loading class java/util/LinkedList$Node
Event: 0.058 loading class java/util/LinkedList$Node done
Event: 0.058 loading class java/util/LinkedList$ListItr
Event: 0.058 loading class java/util/LinkedList$ListItr done
Event: 4.046 Executing VM operation: EnableBiasedLocking
Event: 4.046 Executing VM operation: EnableBiasedLocking done
Event: 10.089 loading class java/util/concurrent/ConcurrentHashMap$ForwardingNode
Event: 10.089 loading class java/util/concurrent/ConcurrentHashMap$ForwardingNode done
Event: 10.090 loading class org/bridj/util/StringUtils
Event: 10.090 loading class org/bridj/util/StringUtils done


Dynamic libraries:
00400000-00401000 r-xp 00000000 08:04 6947139                            /usr/lib/jvm/java-8-openjdk/jre/bin/java
00600000-00601000 r--p 00000000 08:04 6947139                            /usr/lib/jvm/java-8-openjdk/jre/bin/java
00601000-00602000 rw-p 00001000 08:04 6947139                            /usr/lib/jvm/java-8-openjdk/jre/bin/java
01864000-01885000 rw-p 00000000 00:00 0                                  [heap]
84600000-89900000 rw-p 00000000 00:00 0 
89900000-d6d00000 ---p 00000000 00:00 0 
d6d00000-d9600000 rw-p 00000000 00:00 0 
d9600000-100000000 ---p 00000000 00:00 0 
100000000-100080000 rw-p 00000000 00:00 0 
100080000-140000000 ---p 00000000 00:00 0 
7fecf8000000-7fecf8021000 rw-p 00000000 00:00 0 
7fecf8021000-7fecfc000000 ---p 00000000 00:00 0 
7fed00000000-7fed00036000 rw-p 00000000 00:00 0 
7fed00036000-7fed04000000 ---p 00000000 00:00 0 
7fed04000000-7fed04021000 rw-p 00000000 00:00 0 
7fed04021000-7fed08000000 ---p 00000000 00:00 0 
7fed08000000-7fed0803e000 rw-p 00000000 00:00 0 
7fed0803e000-7fed0c000000 ---p 00000000 00:00 0 
7fed0c000000-7fed0c021000 rw-p 00000000 00:00 0 
7fed0c021000-7fed10000000 ---p 00000000 00:00 0 
7fed10000000-7fed10021000 rw-p 00000000 00:00 0 
7fed10021000-7fed14000000 ---p 00000000 00:00 0 
7fed14000000-7fed14021000 rw-p 00000000 00:00 0 
7fed14021000-7fed18000000 ---p 00000000 00:00 0 
7fed18000000-7fed18021000 rw-p 00000000 00:00 0 
7fed18021000-7fed1c000000 ---p 00000000 00:00 0 
7fed1c000000-7fed1c021000 rw-p 00000000 00:00 0 
7fed1c021000-7fed20000000 ---p 00000000 00:00 0 
7fed20000000-7fed20021000 rw-p 00000000 00:00 0 
7fed20021000-7fed24000000 ---p 00000000 00:00 0 
7fed24230000-7fed28000000 rw-p 00000000 00:00 0 
7fed28000000-7fed28021000 rw-p 00000000 00:00 0 
7fed28021000-7fed2c000000 ---p 00000000 00:00 0 
7fed2c000000-7fed2c021000 rw-p 00000000 00:00 0 
7fed2c021000-7fed30000000 ---p 00000000 00:00 0 
7fed30000000-7fed30021000 rw-p 00000000 00:00 0 
7fed30021000-7fed34000000 ---p 00000000 00:00 0 
7fed3425b000-7fed3425c000 ---p 00000000 00:00 0 
7fed3425c000-7fed3435c000 rw-p 00000000 00:00 0 
7fed3435c000-7fed3435f000 ---p 00000000 00:00 0 
7fed3435f000-7fed3445d000 rw-p 00000000 00:00 0 
7fed3445d000-7fed34460000 ---p 00000000 00:00 0 
7fed34460000-7fed3455e000 rw-p 00000000 00:00 0 
7fed3455e000-7fed34561000 ---p 00000000 00:00 0 
7fed34561000-7fed3465f000 rw-p 00000000 00:00 0 
7fed3465f000-7fed34662000 ---p 00000000 00:00 0 
7fed34662000-7fed34760000 rw-p 00000000 00:00 0 
7fed34760000-7fed34763000 ---p 00000000 00:00 0 
7fed34763000-7fed34861000 rw-p 00000000 00:00 0 
7fed34861000-7fed349fa000 r--p 00000000 08:04 5913511                    /usr/lib/locale/locale-archive
7fed349fa000-7fed349fd000 ---p 00000000 00:00 0 
7fed349fd000-7fed34afb000 rw-p 00000000 00:00 0 
7fed34afb000-7fed34afe000 ---p 00000000 00:00 0 
7fed34afe000-7fed34bfc000 rw-p 00000000 00:00 0 
7fed34bfc000-7fed34bfd000 ---p 00000000 00:00 0 
7fed34bfd000-7fed35000000 rw-p 00000000 00:00 0 
7fed35000000-7fed35270000 rwxp 00000000 00:00 0 
7fed35270000-7fed44000000 ---p 00000000 00:00 0 
7fed44000000-7fed4412e000 rw-p 00000000 00:00 0 
7fed4412e000-7fed48000000 ---p 00000000 00:00 0 
7fed4807b000-7fed480e9000 r--s 02c3b000 08:04 269655                     /home/arpit/Dropbox/gvc/image.recognize-desktop/deployments/image.recognize-1.0.jar
7fed480e9000-7fed48da5000 rw-p 00000000 00:00 0 
7fed48da5000-7fed48f74000 r--s 03c05000 08:04 6947162                    /usr/lib/jvm/java-8-openjdk/jre/lib/rt.jar
7fed48f74000-7fed4942a000 rw-p 00000000 00:00 0 
7fed4942a000-7fed497ea000 ---p 00000000 00:00 0 
7fed497ea000-7fed49bc7000 rw-p 00000000 00:00 0 
7fed49bc7000-7fed49bc8000 ---p 00000000 00:00 0 
7fed49bc8000-7fed49cc8000 rw-p 00000000 00:00 0 
7fed49cc8000-7fed49cc9000 ---p 00000000 00:00 0 
7fed49cc9000-7fed49dc9000 rw-p 00000000 00:00 0 
7fed49dc9000-7fed49dca000 ---p 00000000 00:00 0 
7fed49dca000-7fed49eca000 rw-p 00000000 00:00 0 
7fed49eca000-7fed49ecb000 ---p 00000000 00:00 0 
7fed49ecb000-7fed49ff5000 rw-p 00000000 00:00 0 
7fed49ff5000-7fed4a25f000 ---p 00000000 00:00 0 
7fed4a25f000-7fed4a289000 rw-p 00000000 00:00 0 
7fed4a289000-7fed4a4f2000 ---p 00000000 00:00 0 
7fed4a4f2000-7fed4a507000 rw-p 00000000 00:00 0 
7fed4a507000-7fed4a63c000 ---p 00000000 00:00 0 
7fed4a63c000-7fed4a647000 rw-p 00000000 00:00 0 
7fed4a647000-7fed4a9fd000 ---p 00000000 00:00 0 
7fed4a9fd000-7fed4aa05000 r-xp 00000000 08:04 6947199                    /usr/lib/jvm/java-8-openjdk/jre/lib/amd64/libzip.so
7fed4aa05000-7fed4ac04000 ---p 00008000 08:04 6947199                    /usr/lib/jvm/java-8-openjdk/jre/lib/amd64/libzip.so
7fed4ac04000-7fed4ac05000 r--p 00007000 08:04 6947199                    /usr/lib/jvm/java-8-openjdk/jre/lib/amd64/libzip.so
7fed4ac05000-7fed4ac06000 rw-p 00008000 08:04 6947199                    /usr/lib/jvm/java-8-openjdk/jre/lib/amd64/libzip.so
7fed4ac06000-7fed4ac11000 r-xp 00000000 08:04 5903833                    /usr/lib/libnss_files-2.25.so
7fed4ac11000-7fed4ae10000 ---p 0000b000 08:04 5903833                    /usr/lib/libnss_files-2.25.so
7fed4ae10000-7fed4ae11000 r--p 0000a000 08:04 5903833                    /usr/lib/libnss_files-2.25.so
7fed4ae11000-7fed4ae12000 rw-p 0000b000 08:04 5903833                    /usr/lib/libnss_files-2.25.so
7fed4ae12000-7fed4ae18000 rw-p 00000000 00:00 0 
7fed4ae18000-7fed4ae45000 r-xp 00000000 08:04 6947178                    /usr/lib/jvm/java-8-openjdk/jre/lib/amd64/libjava.so
7fed4ae45000-7fed4b044000 ---p 0002d000 08:04 6947178                    /usr/lib/jvm/java-8-openjdk/jre/lib/amd64/libjava.so
7fed4b044000-7fed4b045000 r--p 0002c000 08:04 6947178                    /usr/lib/jvm/java-8-openjdk/jre/lib/amd64/libjava.so
7fed4b045000-7fed4b047000 rw-p 0002d000 08:04 6947178                    /usr/lib/jvm/java-8-openjdk/jre/lib/amd64/libjava.so
7fed4b047000-7fed4b054000 r-xp 00000000 08:04 6947198                    /usr/lib/jvm/java-8-openjdk/jre/lib/amd64/libverify.so
7fed4b054000-7fed4b253000 ---p 0000d000 08:04 6947198                    /usr/lib/jvm/java-8-openjdk/jre/lib/amd64/libverify.so
7fed4b253000-7fed4b255000 r--p 0000c000 08:04 6947198                    /usr/lib/jvm/java-8-openjdk/jre/lib/amd64/libverify.so
7fed4b255000-7fed4b256000 rw-p 0000e000 08:04 6947198                    /usr/lib/jvm/java-8-openjdk/jre/lib/amd64/libverify.so
7fed4b256000-7fed4b25d000 r-xp 00000000 08:04 5903885                    /usr/lib/librt-2.25.so
7fed4b25d000-7fed4b45c000 ---p 00007000 08:04 5903885                    /usr/lib/librt-2.25.so
7fed4b45c000-7fed4b45d000 r--p 00006000 08:04 5903885                    /usr/lib/librt-2.25.so
7fed4b45d000-7fed4b45e000 rw-p 00007000 08:04 5903885                    /usr/lib/librt-2.25.so
7fed4b45e000-7fed4b570000 r-xp 00000000 08:04 5903790                    /usr/lib/libm-2.25.so
7fed4b570000-7fed4b76f000 ---p 00112000 08:04 5903790                    /usr/lib/libm-2.25.so
7fed4b76f000-7fed4b770000 r--p 00111000 08:04 5903790                    /usr/lib/libm-2.25.so
7fed4b770000-7fed4b771000 rw-p 00112000 08:04 5903790                    /usr/lib/libm-2.25.so
7fed4b771000-7fed4c39c000 r-xp 00000000 08:04 6947202                    /usr/lib/jvm/java-8-openjdk/jre/lib/amd64/server/libjvm.so
7fed4c39c000-7fed4c59b000 ---p 00c2b000 08:04 6947202                    /usr/lib/jvm/java-8-openjdk/jre/lib/amd64/server/libjvm.so
7fed4c59b000-7fed4c62f000 r--p 00c2a000 08:04 6947202                    /usr/lib/jvm/java-8-openjdk/jre/lib/amd64/server/libjvm.so
7fed4c62f000-7fed4c658000 rw-p 00cbe000 08:04 6947202                    /usr/lib/jvm/java-8-openjdk/jre/lib/amd64/server/libjvm.so
7fed4c658000-7fed4c688000 rw-p 00000000 00:00 0 
7fed4c688000-7fed4c823000 r-xp 00000000 08:04 5903659                    /usr/lib/libc-2.25.so
7fed4c823000-7fed4ca22000 ---p 0019b000 08:04 5903659                    /usr/lib/libc-2.25.so
7fed4ca22000-7fed4ca26000 r--p 0019a000 08:04 5903659                    /usr/lib/libc-2.25.so
7fed4ca26000-7fed4ca28000 rw-p 0019e000 08:04 5903659                    /usr/lib/libc-2.25.so
7fed4ca28000-7fed4ca2c000 rw-p 00000000 00:00 0 
7fed4ca2c000-7fed4ca2f000 r-xp 00000000 08:04 5903685                    /usr/lib/libdl-2.25.so
7fed4ca2f000-7fed4cc2e000 ---p 00003000 08:04 5903685                    /usr/lib/libdl-2.25.so
7fed4cc2e000-7fed4cc2f000 r--p 00002000 08:04 5903685                    /usr/lib/libdl-2.25.so
7fed4cc2f000-7fed4cc30000 rw-p 00003000 08:04 5903685                    /usr/lib/libdl-2.25.so
7fed4cc30000-7fed4cc3d000 r-xp 00000000 08:04 6947200                    /usr/lib/jvm/java-8-openjdk/jre/lib/amd64/jli/libjli.so
7fed4cc3d000-7fed4ce3c000 ---p 0000d000 08:04 6947200                    /usr/lib/jvm/java-8-openjdk/jre/lib/amd64/jli/libjli.so
7fed4ce3c000-7fed4ce3d000 r--p 0000c000 08:04 6947200                    /usr/lib/jvm/java-8-openjdk/jre/lib/amd64/jli/libjli.so
7fed4ce3d000-7fed4ce3e000 rw-p 0000d000 08:04 6947200                    /usr/lib/jvm/java-8-openjdk/jre/lib/amd64/jli/libjli.so
7fed4ce3e000-7fed4ce54000 r-xp 00000000 08:04 5903950                    /usr/lib/libz.so.1.2.11
7fed4ce54000-7fed4d053000 ---p 00016000 08:04 5903950                    /usr/lib/libz.so.1.2.11
7fed4d053000-7fed4d054000 r--p 00015000 08:04 5903950                    /usr/lib/libz.so.1.2.11
7fed4d054000-7fed4d055000 rw-p 00016000 08:04 5903950                    /usr/lib/libz.so.1.2.11
7fed4d055000-7fed4d06e000 r-xp 00000000 08:04 5903871                    /usr/lib/libpthread-2.25.so
7fed4d06e000-7fed4d26d000 ---p 00019000 08:04 5903871                    /usr/lib/libpthread-2.25.so
7fed4d26d000-7fed4d26e000 r--p 00018000 08:04 5903871                    /usr/lib/libpthread-2.25.so
7fed4d26e000-7fed4d26f000 rw-p 00019000 08:04 5903871                    /usr/lib/libpthread-2.25.so
7fed4d26f000-7fed4d273000 rw-p 00000000 00:00 0 
7fed4d273000-7fed4d296000 r-xp 00000000 08:04 5903618                    /usr/lib/ld-2.25.so
7fed4d297000-7fed4d35c000 rw-p 00000000 00:00 0 
7fed4d35c000-7fed4d35f000 ---p 00000000 00:00 0 
7fed4d35f000-7fed4d45f000 rw-p 00000000 00:00 0 
7fed4d462000-7fed4d489000 rw-p 00000000 00:00 0 
7fed4d489000-7fed4d491000 rw-s 00000000 00:24 56                         /tmp/hsperfdata_arpit/8967
7fed4d491000-7fed4d492000 rw-p 00000000 00:00 0 
7fed4d492000-7fed4d493000 r--p 00000000 00:00 0 
7fed4d493000-7fed4d495000 rw-p 00000000 00:00 0 
7fed4d495000-7fed4d496000 r--p 00022000 08:04 5903618                    /usr/lib/ld-2.25.so
7fed4d496000-7fed4d497000 rw-p 00023000 08:04 5903618                    /usr/lib/ld-2.25.so
7fed4d497000-7fed4d498000 rw-p 00000000 00:00 0 
7ffc2810f000-7ffc28130000 rw-p 00000000 00:00 0                          [stack]
7ffc2819a000-7ffc2819c000 r--p 00000000 00:00 0                          [vvar]
7ffc2819c000-7ffc2819e000 r-xp 00000000 00:00 0                          [vdso]
ffffffffff600000-ffffffffff601000 r-xp 00000000 00:00 0                  [vsyscall]

VM Arguments:
java_command: org.bridj.Platform$DeleteFiles /tmp/BridJExtractedLibraries6785710096946718479
java_class_path (initial): deployments/image.recognize-1.0.jar
Launcher Type: SUN_STANDARD

Environment Variables:
PATH=/home/arpit/.gem/ruby/2.4.0/bin:/usr/local/sbin:/usr/local/bin:/usr/bin:/usr/lib/jvm/default/bin:/usr/bin/site_perl:/usr/bin/vendor_perl:/usr/bin/core_perl
USERNAME=arpit
SHELL=/bin/bash
DISPLAY=:0.0

Signal Handlers:
SIGSEGV: [libjvm.so+0xa2d880], sa_mask[0]=11111111011111111101111111111110, sa_flags=SA_RESTART|SA_SIGINFO
SIGBUS: [libjvm.so+0xa2d880], sa_mask[0]=11111111011111111101111111111110, sa_flags=SA_RESTART|SA_SIGINFO
SIGFPE: [libjvm.so+0x881d40], sa_mask[0]=11111111011111111101111111111110, sa_flags=SA_RESTART|SA_SIGINFO
SIGPIPE: [libjvm.so+0x881d40], sa_mask[0]=11111111011111111101111111111110, sa_flags=SA_RESTART|SA_SIGINFO
SIGXFSZ: [libjvm.so+0x881d40], sa_mask[0]=11111111011111111101111111111110, sa_flags=SA_RESTART|SA_SIGINFO
SIGILL: [libjvm.so+0x881d40], sa_mask[0]=11111111011111111101111111111110, sa_flags=SA_RESTART|SA_SIGINFO
SIGUSR1: SIG_DFL, sa_mask[0]=00000000000000000000000000000000, sa_flags=none
SIGUSR2: [libjvm.so+0x881c10], sa_mask[0]=00100000000000000000000000000000, sa_flags=SA_RESTART|SA_SIGINFO
SIGHUP: [libjvm.so+0x882080], sa_mask[0]=11111111011111111101111111111110, sa_flags=SA_RESTART|SA_SIGINFO
SIGINT: [libjvm.so+0x882080], sa_mask[0]=11111111011111111101111111111110, sa_flags=SA_RESTART|SA_SIGINFO
SIGTERM: [libjvm.so+0x882080], sa_mask[0]=11111111011111111101111111111110, sa_flags=SA_RESTART|SA_SIGINFO
SIGQUIT: [libjvm.so+0x882080], sa_mask[0]=11111111011111111101111111111110, sa_flags=SA_RESTART|SA_SIGINFO


---------------  S Y S T E M  ---------------

OS:DISTRIB_ID=ManjaroLinux
DISTRIB_RELEASE=17.0.1
DISTRIB_CODENAME=Gellivara
DISTRIB_DESCRIPTION="Manjaro Linux"

uname:Linux 4.9.30-1-MANJARO #1 SMP PREEMPT Thu May 25 20:31:43 UTC 2017 x86_64
libc:glibc 2.25 NPTL 2.25 
rlimit: STACK 8192k, CORE infinity, NPROC 31455, NOFILE 4096, AS infinity
load average:0.37 0.29 0.38

/proc/meminfo:
MemTotal:        8096096 kB
MemFree:         2699124 kB
MemAvailable:    4611784 kB
Buffers:          143660 kB
Cached:          2098596 kB
SwapCached:            0 kB
Active:          3866800 kB
Inactive:        1271316 kB
Active(anon):    2898520 kB
Inactive(anon):   157536 kB
Active(file):     968280 kB
Inactive(file):  1113780 kB
Unevictable:           0 kB
Mlocked:               0 kB
SwapTotal:             0 kB
SwapFree:              0 kB
Dirty:              4900 kB
Writeback:             0 kB
AnonPages:       2826920 kB
Mapped:           411808 kB
Shmem:            160092 kB
Slab:             138164 kB
SReclaimable:     100192 kB
SUnreclaim:        37972 kB
KernelStack:        9296 kB
PageTables:        40332 kB
NFS_Unstable:          0 kB
Bounce:                0 kB
WritebackTmp:          0 kB
CommitLimit:     4048048 kB
Committed_AS:    5799804 kB
VmallocTotal:   34359738367 kB
VmallocUsed:           0 kB
VmallocChunk:          0 kB
HardwareCorrupted:     0 kB
AnonHugePages:   1794048 kB
ShmemHugePages:        0 kB
ShmemPmdMapped:        0 kB
HugePages_Total:       0
HugePages_Free:        0
HugePages_Rsvd:        0
HugePages_Surp:        0
Hugepagesize:       2048 kB
DirectMap4k:      153824 kB
DirectMap2M:     6055936 kB
DirectMap1G:     2097152 kB


CPU:total 4 (2 cores per cpu, 2 threads per core) family 6 model 69 stepping 1, cmov, cx8, fxsr, mmx, sse, sse2, sse3, ssse3, sse4.1, sse4.2, popcnt, avx, avx2, aes, clmul, erms, lzcnt, ht, tsc, tscinvbit, bmi1, bmi2

/proc/cpuinfo:
processor	: 0
vendor_id	: GenuineIntel
cpu family	: 6
model		: 69
model name	: Intel(R) Core(TM) i5-4210U CPU @ 1.70GHz
stepping	: 1
microcode	: 0x20
cpu MHz		: 2691.735
cache size	: 3072 KB
physical id	: 0
siblings	: 4
core id		: 0
cpu cores	: 2
apicid		: 0
initial apicid	: 0
fpu		: yes
fpu_exception	: yes
cpuid level	: 13
wp		: yes
flags		: fpu vme de pse tsc msr pae mce cx8 apic sep mtrr pge mca cmov pat pse36 clflush dts acpi mmx fxsr sse sse2 ss ht tm pbe syscall nx pdpe1gb rdtscp lm constant_tsc arch_perfmon pebs bts rep_good nopl xtopology nonstop_tsc aperfmperf eagerfpu pni pclmulqdq dtes64 monitor ds_cpl vmx est tm2 ssse3 sdbg fma cx16 xtpr pdcm pcid sse4_1 sse4_2 movbe popcnt tsc_deadline_timer aes xsave avx f16c rdrand lahf_lm abm epb tpr_shadow vnmi flexpriority ept vpid fsgsbase tsc_adjust bmi1 avx2 smep bmi2 erms invpcid xsaveopt dtherm ida arat pln pts
bugs		:
bogomips	: 3393.49
clflush size	: 64
cache_alignment	: 64
address sizes	: 39 bits physical, 48 bits virtual
power management:

processor	: 1
vendor_id	: GenuineIntel
cpu family	: 6
model		: 69
model name	: Intel(R) Core(TM) i5-4210U CPU @ 1.70GHz
stepping	: 1
microcode	: 0x20
cpu MHz		: 2399.755
cache size	: 3072 KB
physical id	: 0
siblings	: 4
core id		: 1
cpu cores	: 2
apicid		: 2
initial apicid	: 2
fpu		: yes
fpu_exception	: yes
cpuid level	: 13
wp		: yes
flags		: fpu vme de pse tsc msr pae mce cx8 apic sep mtrr pge mca cmov pat pse36 clflush dts acpi mmx fxsr sse sse2 ss ht tm pbe syscall nx pdpe1gb rdtscp lm constant_tsc arch_perfmon pebs bts rep_good nopl xtopology nonstop_tsc aperfmperf eagerfpu pni pclmulqdq dtes64 monitor ds_cpl vmx est tm2 ssse3 sdbg fma cx16 xtpr pdcm pcid sse4_1 sse4_2 movbe popcnt tsc_deadline_timer aes xsave avx f16c rdrand lahf_lm abm epb tpr_shadow vnmi flexpriority ept vpid fsgsbase tsc_adjust bmi1 avx2 smep bmi2 erms invpcid xsaveopt dtherm ida arat pln pts
bugs		:
bogomips	: 3394.39
clflush size	: 64
cache_alignment	: 64
address sizes	: 39 bits physical, 48 bits virtual
power management:

processor	: 2
vendor_id	: GenuineIntel
cpu family	: 6
model		: 69
model name	: Intel(R) Core(TM) i5-4210U CPU @ 1.70GHz
stepping	: 1
microcode	: 0x20
cpu MHz		: 2700.659
cache size	: 3072 KB
physical id	: 0
siblings	: 4
core id		: 0
cpu cores	: 2
apicid		: 1
initial apicid	: 1
fpu		: yes
fpu_exception	: yes
cpuid level	: 13
wp		: yes
flags		: fpu vme de pse tsc msr pae mce cx8 apic sep mtrr pge mca cmov pat pse36 clflush dts acpi mmx fxsr sse sse2 ss ht tm pbe syscall nx pdpe1gb rdtscp lm constant_tsc arch_perfmon pebs bts rep_good nopl xtopology nonstop_tsc aperfmperf eagerfpu pni pclmulqdq dtes64 monitor ds_cpl vmx est tm2 ssse3 sdbg fma cx16 xtpr pdcm pcid sse4_1 sse4_2 movbe popcnt tsc_deadline_timer aes xsave avx f16c rdrand lahf_lm abm epb tpr_shadow vnmi flexpriority ept vpid fsgsbase tsc_adjust bmi1 avx2 smep bmi2 erms invpcid xsaveopt dtherm ida arat pln pts
bugs		:
bogomips	: 3394.82
clflush size	: 64
cache_alignment	: 64
address sizes	: 39 bits physical, 48 bits virtual
power management:

processor	: 3
vendor_id	: GenuineIntel
cpu family	: 6
model		: 69
model name	: Intel(R) Core(TM) i5-4210U CPU @ 1.70GHz
stepping	: 1
microcode	: 0x20
cpu MHz		: 2401.104
cache size	: 3072 KB
physical id	: 0
siblings	: 4
core id		: 1
cpu cores	: 2
apicid		: 3
initial apicid	: 3
fpu		: yes
fpu_exception	: yes
cpuid level	: 13
wp		: yes
flags		: fpu vme de pse tsc msr pae mce cx8 apic sep mtrr pge mca cmov pat pse36 clflush dts acpi mmx fxsr sse sse2 ss ht tm pbe syscall nx pdpe1gb rdtscp lm constant_tsc arch_perfmon pebs bts rep_good nopl xtopology nonstop_tsc aperfmperf eagerfpu pni pclmulqdq dtes64 monitor ds_cpl vmx est tm2 ssse3 sdbg fma cx16 xtpr pdcm pcid sse4_1 sse4_2 movbe popcnt tsc_deadline_timer aes xsave avx f16c rdrand lahf_lm abm epb tpr_shadow vnmi flexpriority ept vpid fsgsbase tsc_adjust bmi1 avx2 smep bmi2 erms invpcid xsaveopt dtherm ida arat pln pts
bugs		:
bogomips	: 3394.51
clflush size	: 64
cache_alignment	: 64
address sizes	: 39 bits physical, 48 bits virtual
power management:



Memory: 4k page, physical 8096096k(2699124k free), swap 0k(0k free)

vm_info: OpenJDK 64-Bit Server VM (25.121-b13) for linux-amd64 JRE (1.8.0_121-b13), built on Jan 22 2017 09:22:31 by "builduser" with gcc 6.3.1 20170109

time: Mon May 29 23:46:15 2017
elapsed time: 10 seconds (0d 0h 0m 10s)

